<?xml version="1.0" encoding="UTF-8"?>
<!-- Generated by org.testng.reporters.JUnitReportReporter -->
<testsuite skipped="0" hostname="DESKTOP-HA2OUC3" name="org.sel.scrollupdown" tests="1" failures="0" timestamp="11 Dec 2021 17:00:57 GMT" time="98.816" errors="0">
  <testcase name="scroll" time="98.816" classname="org.sel.scrollupdown"/>
</testsuite> <!-- org.sel.scrollupdown -->
