<?xml version="1.0" encoding="UTF-8"?>
<!-- Generated by org.testng.reporters.JUnitReportReporter -->
<testsuite skipped="0" hostname="DESKTOP-HA2OUC3" name="org.hexa.DataProvi" tests="3" failures="0" timestamp="13 Dec 2021 17:51:26 GMT" time="0.076" errors="0">
  <testcase name="tc1" time="0.008" classname="org.hexa.DataProvi"/>
  <testcase name="tc1" time="0.061" classname="org.hexa.DataProvi"/>
  <testcase name="tc1" time="0.007" classname="org.hexa.DataProvi"/>
</testsuite> <!-- org.hexa.DataProvi -->
