<?xml version="1.0" encoding="UTF-8"?>
<!-- Generated by org.testng.reporters.JUnitReportReporter -->
<testsuite skipped="0" hostname="DESKTOP-HA2OUC3" name="org.hexa.FacebookDataProvider" tests="3" failures="0" timestamp="14 Dec 2021 12:55:48 GMT" time="106.126" errors="0">
  <testcase name="tc1" time="35.542" classname="org.hexa.FacebookDataProvider"/>
  <testcase name="tc1" time="35.255" classname="org.hexa.FacebookDataProvider"/>
  <testcase name="tc1" time="35.329" classname="org.hexa.FacebookDataProvider"/>
</testsuite> <!-- org.hexa.FacebookDataProvider -->
