<?xml version="1.0" encoding="UTF-8"?>
<!-- Generated by org.testng.reporters.JUnitReportReporter -->
<testsuite skipped="0" hostname="DESKTOP-HA2OUC3" name="org.edu.Medicine" tests="3" failures="0" timestamp="29 Dec 2021 02:09:47 GMT" time="0.028" errors="0">
  <testcase name="physio" time="0.002" classname="org.edu.Medicine"/>
  <testcase name="dental" time="0.022" classname="org.edu.Medicine"/>
  <testcase name="mbbs" time="0.004" classname="org.edu.Medicine"/>
</testsuite> <!-- org.edu.Medicine -->
