<?xml version="1.0" encoding="UTF-8"?>
<!-- Generated by org.testng.reporters.JUnitReportReporter -->
<testsuite skipped="1" hostname="DESKTOP-HA2OUC3" name="org.edu.Arts" tests="8" failures="0" timestamp="29 Dec 2021 02:09:47 GMT" time="0.044" errors="0">
  <testcase name="bEd" time="0.001" classname="org.edu.Arts"/>
  <testcase name="bEd" time="0.002" classname="org.edu.Arts"/>
  <testcase name="bEd" time="0.003" classname="org.edu.Arts"/>
  <testcase name="bsc" time="0.004" classname="org.edu.Arts"/>
  <testcase name="bBA" time="0.022" classname="org.edu.Arts"/>
  <testcase name="bEd" time="0.010" classname="org.edu.Arts"/>
  <testcase name="bEd" time="0.002" classname="org.edu.Arts"/>
  <testcase name="bA" classname="org.edu.Arts">
    <skipped/>
  </testcase> <!-- bA -->
</testsuite> <!-- org.edu.Arts -->
