<?xml version="1.0" encoding="UTF-8"?>
<!-- Generated by org.testng.reporters.JUnitReportReporter -->
<testsuite skipped="0" hostname="DESKTOP-HA2OUC3" name="org.hexa.accessdatafb" tests="3" failures="0" timestamp="13 Dec 2021 18:26:46 GMT" time="137.604" errors="0">
  <testcase name="tc1" time="45.639" classname="org.hexa.accessdatafb"/>
  <testcase name="tc1" time="46.086" classname="org.hexa.accessdatafb"/>
  <testcase name="tc1" time="45.879" classname="org.hexa.accessdatafb"/>
</testsuite> <!-- org.hexa.accessdatafb -->
