<?xml version="1.0" encoding="UTF-8"?>
<!-- Generated by org.testng.reporters.JUnitReportReporter -->
<testsuite skipped="0" hostname="DESKTOP-HA2OUC3" name="org.tcs.invocation" tests="10" failures="0" timestamp="13 Dec 2021 14:47:20 GMT" time="0.148" errors="0">
  <testcase name="test1" time="0.007" classname="org.tcs.invocation"/>
  <testcase name="test1" time="0.065" classname="org.tcs.invocation"/>
  <testcase name="test1" time="0.010" classname="org.tcs.invocation"/>
  <testcase name="test1" time="0.008" classname="org.tcs.invocation"/>
  <testcase name="test1" time="0.006" classname="org.tcs.invocation"/>
  <testcase name="test1" time="0.011" classname="org.tcs.invocation"/>
  <testcase name="test1" time="0.007" classname="org.tcs.invocation"/>
  <testcase name="test1" time="0.018" classname="org.tcs.invocation"/>
  <testcase name="test1" time="0.007" classname="org.tcs.invocation"/>
  <testcase name="test1" time="0.009" classname="org.tcs.invocation"/>
</testsuite> <!-- org.tcs.invocation -->
