<?xml version="1.0" encoding="UTF-8"?>
<!-- Generated by org.testng.reporters.JUnitReportReporter -->
<testsuite skipped="0" hostname="DESKTOP-HA2OUC3" name="org.tcs.TestNg" tests="4" failures="0" timestamp="13 Dec 2021 04:38:23 GMT" time="33.426" errors="0">
  <testcase name="Login" time="13.634" classname="org.tcs.TestNg"/>
  <testcase name="SearchHotel" time="6.172" classname="org.tcs.TestNg"/>
  <testcase name="SelectHotel" time="2.129" classname="org.tcs.TestNg"/>
  <testcase name="BookHotel" time="11.491" classname="org.tcs.TestNg"/>
</testsuite> <!-- org.tcs.TestNg -->
