<?xml version="1.0" encoding="UTF-8"?>
<!-- Generated by org.testng.reporters.JUnitReportReporter -->
<testsuite skipped="0" hostname="DESKTOP-HA2OUC3" name="org.sel.TakeScreenShot" tests="1" failures="0" timestamp="11 Dec 2021 17:00:56 GMT" time="31.057" errors="0">
  <testcase name="T" time="31.057" classname="org.sel.TakeScreenShot"/>
</testsuite> <!-- org.sel.TakeScreenShot -->
