<?xml version="1.0" encoding="UTF-8"?>
<!-- Generated by org.testng.reporters.JUnitReportReporter -->
<testsuite skipped="0" hostname="DESKTOP-HA2OUC3" name="org.edu.Education" tests="2" failures="0" timestamp="29 Dec 2021 02:09:47 GMT" time="0.035" errors="0">
  <testcase name="pg" time="0.022" classname="org.edu.Education"/>
  <testcase name="ug" time="0.013" classname="org.edu.Education"/>
</testsuite> <!-- org.edu.Education -->
