<?xml version="1.0" encoding="UTF-8"?>
<!-- Generated by org.testng.reporters.JUnitReportReporter -->
<testsuite skipped="0" hostname="DESKTOP-HA2OUC3" name="org.crossbrowser.Cb" tests="2" failures="0" timestamp="14 Dec 2021 04:45:26 GMT" time="113.462" errors="0">
  <testcase name="cross" time="48.593" classname="org.crossbrowser.Cb"/>
  <testcase name="cross" time="64.869" classname="org.crossbrowser.Cb"/>
</testsuite> <!-- org.crossbrowser.Cb -->
