<?xml version="1.0" encoding="UTF-8"?>
<!-- Generated by org.testng.reporters.JUnitReportReporter -->
<testsuite skipped="0" hostname="DESKTOP-HA2OUC3" name="org.sel.testing" tests="1" failures="0" timestamp="12 Dec 2021 16:59:16 GMT" time="27.220" errors="0">
  <testcase name="tc1" time="27.220" classname="org.sel.testing"/>
</testsuite> <!-- org.sel.testing -->
