<?xml version="1.0" encoding="UTF-8"?>
<!-- Generated by org.testng.reporters.JUnitReportReporter -->
<testsuite skipped="0" hostname="DESKTOP-HA2OUC3" name="org.sel.WindowsHandling" tests="1" failures="0" timestamp="11 Dec 2021 17:00:57 GMT" time="54.171" errors="0">
  <testcase name="LaunchBrowser" time="54.171" classname="org.sel.WindowsHandling"/>
</testsuite> <!-- org.sel.WindowsHandling -->
