<?xml version="1.0" encoding="UTF-8"?>
<!-- Generated by org.testng.reporters.JUnitReportReporter -->
<testsuite skipped="0" hostname="DESKTOP-HA2OUC3" name="org.edu.Engineering" tests="2" failures="0" timestamp="29 Dec 2021 02:09:47 GMT" time="0.027" errors="0">
  <testcase name="bTech" time="0.005" classname="org.edu.Engineering"/>
  <testcase name="bE" time="0.022" classname="org.edu.Engineering"/>
</testsuite> <!-- org.edu.Engineering -->
