<?xml version="1.0" encoding="UTF-8"?>
<!-- Generated by org.testng.reporters.JUnitReportReporter -->
<testsuite skipped="0" hostname="DESKTOP-HA2OUC3" name="org.tcs.AdactinHotel" tests="1" failures="0" timestamp="13 Dec 2021 17:04:51 GMT" time="75.078" errors="0">
  <testcase name="Paramet" time="75.078" classname="org.tcs.AdactinHotel"/>
</testsuite> <!-- org.tcs.AdactinHotel -->
